2022-09-19T06:52:04+00:00 CRITICAL Uncaught Error: Call to a member function have_posts() on null in C:\xampp\htdocs\wordpress\wp-content\themes\retail-shop\my_func.php:234
Stack trace:
#0 C:\xampp\htdocs\wordpress\wp-includes\class-wp-hook.php(307): ajx_handle_my_action('')
#1 C:\xampp\htdocs\wordpress\wp-includes\class-wp-hook.php(331): WP_Hook->apply_filters('', Array)
#2 C:\xampp\htdocs\wordpress\wp-includes\plugin.php(476): WP_Hook->do_action(Array)
#3 C:\xampp\htdocs\wordpress\wp-admin\admin-ajax.php(187): do_action('wp_ajax_my_acti...')
#4 {main}
  thrown in C:\xampp\htdocs\wordpress\wp-content\themes\retail-shop\my_func.php on line 234

2022-09-19T06:52:09+00:00 CRITICAL Uncaught Error: Call to a member function have_posts() on null in C:\xampp\htdocs\wordpress\wp-content\themes\retail-shop\my_func.php:234
Stack trace:
#0 C:\xampp\htdocs\wordpress\wp-includes\class-wp-hook.php(307): ajx_handle_my_action('')
#1 C:\xampp\htdocs\wordpress\wp-includes\class-wp-hook.php(331): WP_Hook->apply_filters('', Array)
#2 C:\xampp\htdocs\wordpress\wp-includes\plugin.php(476): WP_Hook->do_action(Array)
#3 C:\xampp\htdocs\wordpress\wp-admin\admin-ajax.php(187): do_action('wp_ajax_my_acti...')
#4 {main}
  thrown in C:\xampp\htdocs\wordpress\wp-content\themes\retail-shop\my_func.php on line 234

2022-09-19T06:53:47+00:00 CRITICAL Uncaught Error: Call to a member function have_posts() on null in C:\xampp\htdocs\wordpress\wp-content\themes\retail-shop\my_func.php:234
Stack trace:
#0 C:\xampp\htdocs\wordpress\wp-includes\class-wp-hook.php(307): ajx_handle_my_action('')
#1 C:\xampp\htdocs\wordpress\wp-includes\class-wp-hook.php(331): WP_Hook->apply_filters('', Array)
#2 C:\xampp\htdocs\wordpress\wp-includes\plugin.php(476): WP_Hook->do_action(Array)
#3 C:\xampp\htdocs\wordpress\wp-admin\admin-ajax.php(187): do_action('wp_ajax_my_acti...')
#4 {main}
  thrown in C:\xampp\htdocs\wordpress\wp-content\themes\retail-shop\my_func.php on line 234

2022-09-19T06:59:08+00:00 CRITICAL Uncaught Error: Call to a member function have_posts() on null in C:\xampp\htdocs\wordpress\wp-content\themes\retail-shop\my_func.php:234
Stack trace:
#0 C:\xampp\htdocs\wordpress\wp-includes\class-wp-hook.php(307): ajx_handle_my_action('')
#1 C:\xampp\htdocs\wordpress\wp-includes\class-wp-hook.php(331): WP_Hook->apply_filters('', Array)
#2 C:\xampp\htdocs\wordpress\wp-includes\plugin.php(476): WP_Hook->do_action(Array)
#3 C:\xampp\htdocs\wordpress\wp-admin\admin-ajax.php(187): do_action('wp_ajax_my_acti...')
#4 {main}
  thrown in C:\xampp\htdocs\wordpress\wp-content\themes\retail-shop\my_func.php on line 234

2022-09-19T07:26:58+00:00 CRITICAL syntax error, unexpected ''tax_query'' (T_CONSTANT_ENCAPSED_STRING), expecting ')' in C:\xampp\htdocs\wordpress\wp-content\themes\retail-shop\my_func.php on line 229

2022-09-19T07:31:11+00:00 CRITICAL syntax error, unexpected ''tax_query'' (T_CONSTANT_ENCAPSED_STRING), expecting ')' in C:\xampp\htdocs\wordpress\wp-content\themes\retail-shop\my_func.php on line 229

2022-09-19T07:38:20+00:00 CRITICAL Cannot use [] for reading in C:\xampp\htdocs\wordpress\wp-content\themes\retail-shop\my_func.php on line 246

2022-09-19T07:38:26+00:00 CRITICAL Cannot use [] for reading in C:\xampp\htdocs\wordpress\wp-content\themes\retail-shop\my_func.php on line 246

2022-09-19T08:46:01+00:00 CRITICAL syntax error, unexpected ':', expecting ')' in C:\xampp\htdocs\wordpress\wp-content\themes\retail-shop\my_func.php on line 244

2022-09-19T08:46:28+00:00 CRITICAL syntax error, unexpected '=', expecting ')' in C:\xampp\htdocs\wordpress\wp-content\themes\retail-shop\my_func.php on line 244

2022-09-19T08:58:14+00:00 CRITICAL Cannot use [] for reading in C:\xampp\htdocs\wordpress\wp-content\themes\retail-shop\my_func.php on line 247

2022-09-19T09:12:12+00:00 CRITICAL Uncaught Error: Call to undefined function get_title() in C:\xampp\htdocs\wordpress\wp-content\themes\retail-shop\my_func.php:244
Stack trace:
#0 C:\xampp\htdocs\wordpress\wp-includes\class-wp-hook.php(307): ajx_handle_my_action('')
#1 C:\xampp\htdocs\wordpress\wp-includes\class-wp-hook.php(331): WP_Hook->apply_filters('', Array)
#2 C:\xampp\htdocs\wordpress\wp-includes\plugin.php(476): WP_Hook->do_action(Array)
#3 C:\xampp\htdocs\wordpress\wp-admin\admin-ajax.php(187): do_action('wp_ajax_my_acti...')
#4 {main}
  thrown in C:\xampp\htdocs\wordpress\wp-content\themes\retail-shop\my_func.php on line 244

2022-09-19T12:09:12+00:00 CRITICAL syntax error, unexpected 'endwhile' (T_ENDWHILE) in C:\xampp\htdocs\wordpress\wp-content\themes\retail-shop\my_func.php on line 249

2022-09-19T13:30:02+00:00 CRITICAL syntax error, unexpected 'wp_reset_postdata' (T_STRING), expecting ';' or ',' in C:\xampp\htdocs\wordpress\wp-content\themes\retail-shop\template_book.php on line 89

2022-09-19T15:36:35+00:00 CRITICAL syntax error, unexpected end of file in C:\xampp\htdocs\wordpress\wp-content\themes\retail-shop\functions.php on line 387

